<?xml version="1.0" encoding="UTF-8"?>
<!-- Generated by org.testng.reporters.JUnitReportReporter -->
<testsuite hostname="qa-ashrivastav" failures="0" tests="1" name="com.learnautomation.testcases.Democlass" time="5.727" errors="0" timestamp="2022-03-27T22:58:43 GMT+05:30" skipped="0">
  <testcase classname="com.learnautomation.testcases.Democlass" name="Test1" time="5.727"/>
  <system-out/>
</testsuite> <!-- com.learnautomation.testcases.Democlass -->
