<?xml version="1.0" encoding="UTF-8"?>
<!-- Generated by org.testng.reporters.JUnitReportReporter -->
<testsuite hostname="qa-ashrivastav" failures="0" tests="2" name="com.learnautomation.testcases.LoginTestCRM" time="3.263" errors="0" timestamp="2022-03-28T17:51:35 GMT+05:30" skipped="0">
  <testcase classname="com.learnautomation.testcases.LoginTestCRM" name="loginApp" time="2.710"/>
  <system-out/>
  <testcase classname="com.learnautomation.testcases.LoginTestCRM" name="logOut" time="0.553"/>
  <system-out/>
</testsuite> <!-- com.learnautomation.testcases.LoginTestCRM -->
